<?xml version="1.0" encoding="UTF-8"?>
<!-- Generated by org.testng.reporters.JUnitXMLReporter -->
<testsuite ignored="0" hostname="LAPTOP-LT8N4FN4" failures="0" tests="3" name="Default test" time="42.028" errors="0" timestamp="29 Jul 2020 14:17:18 GMT">
  <testcase classname="Assignment1.Case1_Register_Test" name="passwordMismatch" time="2.479"/>
  <testcase classname="Assignment1.Case1_Register_Test" name="refreshRegisterPage" time="2.094"/>
  <testcase classname="Assignment1.Case1_Register_Test" name="registerNewUser" time="6.511"/>
</testsuite> <!-- Default test -->
